Tech node (nm), Capacity (bytes), Number of banks, Associativity, Output width (bits), Access time (ns), Random cycle time (ns), Dynamic search energy (nJ), Dynamic read energy (nJ), Dynamic write energy (nJ), Standby leakage per bank(mW), Area (mm2), Ndwl, Ndbl, Nspd, Ndcm, Ndsam_level_1, Ndsam_level_2, Data arrary area efficiency %, Ntwl, Ntbl, Ntspd, Ntcm, Ntsam_level_1, Ntsam_level_2, Tag arrary area efficiency %, 
90, 131072, 1, 2, 512, 1.47098, 1.86851, N/A, 0.303592, 0.615022, 63.7023, 2.24949, 2, 2, 1, 2, 2, 1, 78.3192, 2, 2, 4, 1, 8, 1, 77.9289, 
90, 131072, 1, 2, 512, 1.47098, 1.86851, N/A, 0.303592, 0.615022, 63.7023, 2.24949, 2, 2, 1, 2, 2, 1, 78.3192, 2, 2, 4, 1, 8, 1, 77.9289, 
90, 131072, 1, 2, 512, 1.47098, 1.86851, N/A, 0.303592, 0.615022, 63.7023, 2.24949, 2, 2, 1, 2, 2, 1, 78.3192, 2, 2, 4, 1, 8, 1, 77.9289, 
90, 131072, 1, 2, 512, 1.47098, 1.86851, N/A, 0.303592, 0.615022, 63.7023, 2.24949, 2, 2, 1, 2, 2, 1, 78.3192, 2, 2, 4, 1, 8, 1, 77.9289, 
90, 131072, 1, 16, 512, 4.5762, 10.0942, N/A, 1.86033, 1.89074, 65.5714, 7.56952, 4, 2, 1, 1, 16, 1, 19.1033, 2, 2, 0.5, 1, 1, 1, 78.6305, 
90, 131072, 1, 2, 512, 1.47098, 1.86851, N/A, 0.303592, 0.615022, 63.7023, 2.24949, 2, 2, 1, 2, 2, 1, 78.3192, 2, 2, 4, 1, 8, 1, 77.9289, 
90, 131072, 1, 4, 512, 1.59863, 3.61034, N/A, 0.482228, 0.564153, 61.6046, 2.29881, 2, 2, 1, 1, 4, 2, 69.0385, 2, 2, 2, 1, 4, 1, 78.228, 
90, 131072, 1, 8, 512, 2.65835, 10.2732, N/A, 0.825942, 0.794309, 61.7041, 2.72061, 2, 2, 1, 1, 8, 2, 54.9431, 2, 2, 1, 1, 2, 1, 78.5053, 
90, 131072, 1, 16, 512, 4.5762, 10.0942, N/A, 1.86033, 1.89074, 65.5714, 7.56952, 4, 2, 1, 1, 16, 1, 19.1033, 2, 2, 0.5, 1, 1, 1, 78.6305, 
22, 131072, 1, 2, 512, 0.431572, 0.512839, N/A, 0.0341372, 0.0449893, 42.1203, 0.20131, 2, 4, 1, 2, 2, 1, 49.4644, 2, 2, 4, 1, 8, 1, 76.8145, 
40, 131072, 1, 2, 512, 0.691583, 0.981939, N/A, 0.0812997, 0.15135, 133.168, 0.444199, 2, 2, 1, 2, 2, 1, 78.351, 2, 2, 4, 1, 8, 1, 77.9165, 
32, 131072, 1, 2, 512, 0.590766, 0.829489, N/A, 0.0569571, 0.102761, 90.3061, 0.28458, 2, 2, 1, 2, 2, 1, 78.272, 2, 2, 4, 1, 8, 1, 77.8701, 
90, 131072, 1, 2, 512, 1.47098, 1.86851, N/A, 0.303592, 0.615022, 63.7023, 2.24949, 2, 2, 1, 2, 2, 1, 78.3192, 2, 2, 4, 1, 8, 1, 77.9289, 
90, 32768, 1, 2, 512, 1.0104, 1.45636, N/A, 0.206864, 0.282094, 16.5534, 0.735189, 2, 2, 1, 2, 2, 1, 54.2619, 2, 2, 2, 1, 4, 1, 71.0415, 
90, 131072, 1, 2, 512, 1.47098, 1.86851, N/A, 0.303592, 0.615022, 63.7023, 2.24949, 2, 2, 1, 2, 2, 1, 78.3192, 2, 2, 4, 1, 8, 1, 77.9289, 
90, 1048576, 1, 2, 512, 3.59361, 3.89324, N/A, 1.23064, 1.42088, 480.115, 21.291, 2, 8, 2, 4, 2, 1, 61.9252, 2, 2, 8, 16, 1, 1, 85.7243, 
90, 2097152, 1, 2, 512, 5.05455, 10.9692, N/A, 1.79205, 1.71943, 929.77, 37.9972, 2, 8, 4, 8, 2, 1, 70.1618, 2, 4, 16, 1, 32, 1, 84.4148, 
90, 131072, 1, 2, 512, 1.47098, 1.86851, N/A, 0.303592, 0.615022, 63.7023, 2.24949, 2, 2, 1, 2, 2, 1, 78.3192, 2, 2, 4, 1, 8, 1, 77.9289, 
90, 131072, 1, 2, 512, 1.85786, 2.39368, N/A, 0.402087, 0.798292, 73.4401, 4.7592, 2, 2, 1, 2, 2, 1, 74.7199, 2, 2, 4, 1, 8, 1, 77.6558, 
90, 131072, 1, 2, 512, 2.75917, 3.57955, N/A, 0.598429, 1.16171, 93.9114, 12.5179, 2, 2, 1, 2, 2, 1, 71.6767, 2, 2, 4, 1, 8, 1, 77.2761, 
22, 32768, 1, 2, 512, 0.256185, 0.465586, N/A, 0.0188471, 0.0242715, 10.922, 0.0443551, 2, 2, 1, 2, 2, 1, 53.9647, 2, 2, 2, 1, 4, 1, 68.8739, 
90, 2097152, 1, 16, 512, 13.0654, 10.1546, N/A, 18.7537, 20.7933, 1413.2, 206.887, 8, 2, 1, 1, 16, 1, 61.6547, 4, 4, 2, 1, 4, 1, 81.2277, 
90, 2097152, 1, 16, 512, 13.0654, 10.1546, N/A, 18.7537, 20.7933, 1413.2, 206.887, 8, 2, 1, 1, 16, 1, 61.6547, 4, 4, 2, 1, 4, 1, 81.2277, 
90, 2097152, 1, 16, 512, 13.0654, 10.1546, N/A, 18.7537, 20.7933, 1413.2, 206.887, 8, 2, 1, 1, 16, 1, 61.6547, 4, 4, 2, 1, 4, 1, 81.2277, 
32, 6291456, 64, 32, 512, 66.2078, 18.6257, N/A, 56.7481, 56.7149, 2919.12, 1231.45, 8, 2, 0.5, 1, 32, 2, 3.60151, 4, 2, 0.5, 1, 1, 1, 32.1629, 
32, 6291456, 64, 16, 512, 35.0598, 18.7778, N/A, 28.4988, 28.5198, 1556.96, 512.281, 4, 2, 0.5, 1, 16, 2, 8.655, 4, 2, 0.5, 1, 1, 1, 50.367, 
32, 6291456, 64, 32, 512, 66.2078, 18.6257, N/A, 56.7481, 56.7149, 2919.12, 1231.45, 8, 2, 0.5, 1, 32, 2, 3.60151, 4, 2, 0.5, 1, 1, 1, 32.1629, 
32, 12582912, 64, 32, 512, 66.3631, 18.7778, N/A, 56.9701, 56.9436, 3017.62, 1278.35, 8, 2, 0.5, 1, 32, 2, 6.93353, 4, 2, 0.5, 1, 1, 1, 46.2219, 
